https://api.guildwars2.com/v2/tokeninfo?lang=en&access_token=83BC286C-6B47-6F48-AE74-1F47809D4EC4C3D97596-BD05-459E-A883-84F354FA35DF
https://api.guildwars2.com/v2/account?lang=en&access_token=83BC286C-6B47-6F48-AE74-1F47809D4EC4C3D97596-BD05-459E-A883-84F354FA35DF
https://api.guildwars2.com/v2/characters?lang=en&access_token=83BC286C-6B47-6F48-AE74-1F47809D4EC4C3D97596-BD05-459E-A883-84F354FA35DF
https://api.guildwars2.com/v2/worlds?ids=2102&lang=en
https://api.guildwars2.com/v1/guild_details.json?guild_id=58E082BD-7F28-449E-ADB7-37C30C726CE4&lang=en
https://api.guildwars2.com/v1/guild_details.json?guild_id=28E3567F-2B2F-44BC-A58F-03F208366FE2&lang=en
https://api.guildwars2.com/v1/guild_details.json?guild_id=D9814166-0624-E411-AF00-AC162DC028B5&lang=en
https://api.guildwars2.com/v1/guild_details.json?guild_id=BD46F57A-D569-4C36-A7F6-896C1AF61FB4&lang=en
https://api.guildwars2.com/v2/characters?ids=Tao+Kun+Chance%2CTao+Lee+Wood%2CTao+Lympik%2CTao+Belix%2CTao+Clown%2CTao+Vni%2CTao+Richalk%2CTao+Ythaq%2CTao+Sekour%2CTao+Rible&lang=en&access_token=83BC286C-6B47-6F48-AE74-1F47809D4EC4C3D97596-BD05-459E-A883-84F354FA35DF
https://api.guildwars2.com/v2/items?ids=47873%2C24691%2C37060%2C37138%2C49428%2C49627%2C49628%2C49611%2C49626%2C49625%2C49624%2C39232%2C39233%2C37095%2C37108%2C39308%2C30691%2C24533%2C24618%2C30701%2C24601%2C49888%2C24562%2C49874%2C49884%2C24575%2C22997%2C23000%2C23001&lang=en
https://api.guildwars2.com/v2/skins?ids=2362%2C313%2C316%2C309%2C299%2C311%2C294%2C5292%2C5274%2C5308&lang=en
https://api.guildwars2.com/v2/items?ids=47874%2C44951%2C50064%2C47935%2C47934%2C47936%2C47937%2C47938%2C47939%2C49419%2C49430%2C49418%2C39313%2C46795%2C24560%2C30695%2C30688%2C68373%2C68376&lang=en
https://api.guildwars2.com/v2/skins?ids=406%2C420%2C400%2C391%2C405%2C390%2C4666%2C5518%2C5527&lang=en
https://api.guildwars2.com/v2/items?ids=47875%2C48085%2C48084%2C48086%2C48087%2C48088%2C48089%2C39243%2C39242%2C67900%2C46886%2C46768%2C68377&lang=en
https://api.guildwars2.com/v2/skins?ids=2357%2C5650%2C1393%2C662%2C1389%2C5647%2C656%2C4664%2C4500&lang=en
https://api.guildwars2.com/v2/items?ids=4483%2C37059%2C67630%2C67629%2C67626%2C67625%2C67628%2C67627%2C30697%2C24554%2C42035%2C24524%2C24551%2C67937%2C67944%2C44950%2C67936&lang=en
https://api.guildwars2.com/v2/skins?ids=2353%2C525%2C531%2C523%2C513%2C522%2C504%2C4671%2C4362%2C4445%2C4391&lang=en
https://api.guildwars2.com/v2/items?ids=4483&lang=en
https://api.guildwars2.com/v2/items?ids=67004%2C17348%2C10579%2C10614%2C10684%2C10544%2C17352%2C67298%2C67302%2C37075%2C37086%2C39331%2C42018%2C24514%2C17694%2C24508%2C46762%2C46831%2C17334&lang=en
https://api.guildwars2.com/v2/skins?ids=864%2C867%2C896%2C892%2C865%2C884%2C4928%2C4946%2C4910&lang=en
https://api.guildwars2.com/v2/items?ids=42018&lang=en
https://api.guildwars2.com/v2/items?ids=24757%2C50063%2C43866%2C67622%2C67623%2C67620%2C67624%2C67619%2C67621%2C39554%2C39555%2C39604%2C39588%2C67935%2C17323%2C15315%2C46780%2C46792&lang=en
https://api.guildwars2.com/v2/skins?ids=1314%2C673%2C1320%2C1018%2C614%2C1309%2C4350%2C4266%2C4279&lang=en
https://api.guildwars2.com/v2/items?ids=4481%2C48115%2C48114%2C48116%2C48117%2C48118%2C48119%2C67894%2C67896%2C67905%2C67906%2C67898%2C46764%2C47023%2C67943%2C67951%2C67948&lang=en
https://api.guildwars2.com/v2/skins?ids=878%2C904%2C918%2C907%2C882%2C901%2C4642%2C4633%2C4582&lang=en
https://api.guildwars2.com/v2/items?ids=4481&lang=en
https://api.guildwars2.com/v2/items?ids=4483%2C42425%2C67447%2C67448%2C67299%2C67301%2C39309%2C46772%2C42452%2C24532%2C18412%2C67648%2C14452%2C24578&lang=en
https://api.guildwars2.com/v2/skins?ids=421%2C424%2C419%2C407%2C417%2C408%2C4615%2C4648&lang=en
https://api.guildwars2.com/v2/items?ids=42452&lang=en
https://api.guildwars2.com/v2/items?ids=37001%2C17930%2C45805%2C45792%2C45831%2C17933%2C45818%2C67294%2C67190%2C18712%2C24580%2C35228%2C18720%2C24615%2C17325%2C46771&lang=en
https://api.guildwars2.com/v2/skins?ids=296%2C304%2C288%2C278%2C287%2C271%2C4432%2C4364&lang=en
https://api.guildwars2.com/v2/items?ids=35228&lang=en
https://api.guildwars2.com/v2/items?ids=24779%2C24544%2C67615%2C24848%2C67614%2C24765%2C67618%2C67613%2C67616%2C67617%2C67903%2C18564%2C24510%2C18570%2C18410%2C24624%2C18424%2C35809&lang=en
https://api.guildwars2.com/v2/skins?ids=721%2C777%2C771%2C1198%2C1066%2C768%2C3897%2C3961%2C3884&lang=en
https://api.guildwars2.com/v2/items?ids=4483%2C42452&lang=en
https://api.guildwars2.com/v2/items?ids=44602%2C23045%2C42877%2C37105%2C37098%2C39225%2C39224%2C49887%2C66961%2C49879%2C49875%2C49881%2C49885%2C49878%2C49891&lang=en
https://api.guildwars2.com/v2/skins?ids=5344%2C5311%2C5251%2C5325%2C5334%2C5299&lang=en
https://api.guildwars2.com/v2/items?ids=67826%2C67981%2C50025%2C67270%2C66999%2C68369%2C69887%2C46760%2C46773%2C46796&lang=en
https://api.guildwars2.com/v2/skins?ids=5526%2C5520%2C5523&lang=en
https://api.guildwars2.com/v2/items?ids=67027%2C19554%2C24730%2C8920%2C67836%2C49957%2C67945%2C67942&lang=en
https://api.guildwars2.com/v2/skins?ids=4510&lang=en
https://api.guildwars2.com/v2/items?ids=49957&lang=en
https://api.guildwars2.com/v2/items?ids=19620%2C24487%2C24679%2C24335%2C861%2C24870%2C21683%2C8852%2C49413%2C17877%2C67941%2C46774%2C46765%2C25971&lang=en
https://api.guildwars2.com/v2/skins?ids=4367%2C4518%2C4430%2C4509&lang=en
https://api.guildwars2.com/v2/items?ids=24766%2C43766%2C42036%2C47053%2C26221%2C17316%2C46763%2C46823%2C46827%2C42019&lang=en
https://api.guildwars2.com/v2/skins?ids=4925%2C4936%2C4926%2C4947%2C4967%2C4934&lang=en
https://api.guildwars2.com/v2/items?ids=42019&lang=en
https://api.guildwars2.com/v2/items?ids=24476%2C24694%2C68109%2C37102%2C37103%2C14571%2C26693%2C46788%2C46789%2C15475%2C24548&lang=en
https://api.guildwars2.com/v2/skins?ids=4287%2C4268%2C4267%2C4335&lang=en
https://api.guildwars2.com/v2/items?ids=48717%2C67939%2C48911%2C67950%2C24630%2C46759%2C46777&lang=en
https://api.guildwars2.com/v2/skins?ids=4790%2C5186%2C5131&lang=en
https://api.guildwars2.com/v2/items?ids=19560%2C37077%2C37087%2C18418&lang=en
https://api.guildwars2.com/v2/skins?ids=4644%2C4629&lang=en
https://api.guildwars2.com/v2/items?ids=23040%2C24712%2C47083%2C17690&lang=en
https://api.guildwars2.com/v2/skins?ids=4507&lang=en
https://api.guildwars2.com/v2/items?ids=35885%2C35867%2C18567%2C35891%2C67647%2C35882%2C18569&lang=en
https://api.guildwars2.com/v2/skins?ids=3971%2C3893%2C4058%2C3888%2C3916%2C3918&lang=en
831 ms 		https://api.guildwars2.com/v2/tokeninfo?lang=en&access_token=83BC286C-6B47-6F48-AE74-1F47809D4EC4C3D97596-BD05-459E-A883-84F354FA35DF
980 ms 		https://api.guildwars2.com/v2/account?lang=en&access_token=83BC286C-6B47-6F48-AE74-1F47809D4EC4C3D97596-BD05-459E-A883-84F354FA35DF
896 ms 		https://api.guildwars2.com/v2/characters?lang=en&access_token=83BC286C-6B47-6F48-AE74-1F47809D4EC4C3D97596-BD05-459E-A883-84F354FA35DF
900 ms 		https://api.guildwars2.com/v2/worlds?ids=2102&lang=en
917 ms 		https://api.guildwars2.com/v1/guild_details.json?guild_id=58E082BD-7F28-449E-ADB7-37C30C726CE4&lang=en
887 ms 		https://api.guildwars2.com/v1/guild_details.json?guild_id=28E3567F-2B2F-44BC-A58F-03F208366FE2&lang=en
922 ms 		https://api.guildwars2.com/v1/guild_details.json?guild_id=D9814166-0624-E411-AF00-AC162DC028B5&lang=en
796 ms 		https://api.guildwars2.com/v1/guild_details.json?guild_id=BD46F57A-D569-4C36-A7F6-896C1AF61FB4&lang=en
1173 ms 		https://api.guildwars2.com/v2/characters?ids=Tao+Kun+Chance%2CTao+Lee+Wood%2CTao+Lympik%2CTao+Belix%2CTao+Clown%2CTao+Vni%2CTao+Richalk%2CTao+Ythaq%2CTao+Sekour%2CTao+Rible&lang=en&access_token=83BC286C-6B47-6F48-AE74-1F47809D4EC4C3D97596-BD05-459E-A883-84F354FA35DF
913 ms 		https://api.guildwars2.com/v2/items?ids=47873%2C24691%2C37060%2C37138%2C49428%2C49627%2C49628%2C49611%2C49626%2C49625%2C49624%2C39232%2C39233%2C37095%2C37108%2C39308%2C30691%2C24533%2C24618%2C30701%2C24601%2C49888%2C24562%2C49874%2C49884%2C24575%2C22997%2C23000%2C23001&lang=en
610 ms 		https://api.guildwars2.com/v2/skins?ids=2362%2C313%2C316%2C309%2C299%2C311%2C294%2C5292%2C5274%2C5308&lang=en
1022 ms 		https://api.guildwars2.com/v2/items?ids=47874%2C44951%2C50064%2C47935%2C47934%2C47936%2C47937%2C47938%2C47939%2C49419%2C49430%2C49418%2C39313%2C46795%2C24560%2C30695%2C30688%2C68373%2C68376&lang=en
626 ms 		https://api.guildwars2.com/v2/skins?ids=406%2C420%2C400%2C391%2C405%2C390%2C4666%2C5518%2C5527&lang=en
1017 ms 		https://api.guildwars2.com/v2/items?ids=47875%2C48085%2C48084%2C48086%2C48087%2C48088%2C48089%2C39243%2C39242%2C67900%2C46886%2C46768%2C68377&lang=en
622 ms 		https://api.guildwars2.com/v2/skins?ids=2357%2C5650%2C1393%2C662%2C1389%2C5647%2C656%2C4664%2C4500&lang=en
961 ms 		https://api.guildwars2.com/v2/items?ids=4483%2C37059%2C67630%2C67629%2C67626%2C67625%2C67628%2C67627%2C30697%2C24554%2C42035%2C24524%2C24551%2C67937%2C67944%2C44950%2C67936&lang=en
695 ms 		https://api.guildwars2.com/v2/skins?ids=2353%2C525%2C531%2C523%2C513%2C522%2C504%2C4671%2C4362%2C4445%2C4391&lang=en
959 ms 		https://api.guildwars2.com/v2/items?ids=4483&lang=en
1088 ms 		https://api.guildwars2.com/v2/items?ids=67004%2C17348%2C10579%2C10614%2C10684%2C10544%2C17352%2C67298%2C67302%2C37075%2C37086%2C39331%2C42018%2C24514%2C17694%2C24508%2C46762%2C46831%2C17334&lang=en
686 ms 		https://api.guildwars2.com/v2/skins?ids=864%2C867%2C896%2C892%2C865%2C884%2C4928%2C4946%2C4910&lang=en
740 ms 		https://api.guildwars2.com/v2/items?ids=42018&lang=en
1117 ms 		https://api.guildwars2.com/v2/items?ids=24757%2C50063%2C43866%2C67622%2C67623%2C67620%2C67624%2C67619%2C67621%2C39554%2C39555%2C39604%2C39588%2C67935%2C17323%2C15315%2C46780%2C46792&lang=en
512 ms 		https://api.guildwars2.com/v2/skins?ids=1314%2C673%2C1320%2C1018%2C614%2C1309%2C4350%2C4266%2C4279&lang=en
949 ms 		https://api.guildwars2.com/v2/items?ids=4481%2C48115%2C48114%2C48116%2C48117%2C48118%2C48119%2C67894%2C67896%2C67905%2C67906%2C67898%2C46764%2C47023%2C67943%2C67951%2C67948&lang=en
657 ms 		https://api.guildwars2.com/v2/skins?ids=878%2C904%2C918%2C907%2C882%2C901%2C4642%2C4633%2C4582&lang=en
697 ms 		https://api.guildwars2.com/v2/items?ids=4481&lang=en
872 ms 		https://api.guildwars2.com/v2/items?ids=4483%2C42425%2C67447%2C67448%2C67299%2C67301%2C39309%2C46772%2C42452%2C24532%2C18412%2C67648%2C14452%2C24578&lang=en
571 ms 		https://api.guildwars2.com/v2/skins?ids=421%2C424%2C419%2C407%2C417%2C408%2C4615%2C4648&lang=en
723 ms 		https://api.guildwars2.com/v2/items?ids=42452&lang=en
839 ms 		https://api.guildwars2.com/v2/items?ids=37001%2C17930%2C45805%2C45792%2C45831%2C17933%2C45818%2C67294%2C67190%2C18712%2C24580%2C35228%2C18720%2C24615%2C17325%2C46771&lang=en
620 ms 		https://api.guildwars2.com/v2/skins?ids=296%2C304%2C288%2C278%2C287%2C271%2C4432%2C4364&lang=en
777 ms 		https://api.guildwars2.com/v2/items?ids=35228&lang=en
1254 ms 		https://api.guildwars2.com/v2/items?ids=24779%2C24544%2C67615%2C24848%2C67614%2C24765%2C67618%2C67613%2C67616%2C67617%2C67903%2C18564%2C24510%2C18570%2C18410%2C24624%2C18424%2C35809&lang=en
902 ms 		https://api.guildwars2.com/v2/skins?ids=721%2C777%2C771%2C1198%2C1066%2C768%2C3897%2C3961%2C3884&lang=en
633 ms 		https://api.guildwars2.com/v2/items?ids=4483%2C42452&lang=en
715 ms 		https://api.guildwars2.com/v2/materials?lang=en
626 ms 		https://api.guildwars2.com/v2/materials?ids=5%2C6%2C29%2C30%2C37%2C38%2C46&lang=en
1000 ms 		https://api.guildwars2.com/v2/items?ids=12134%2C12238%2C12147%2C12142%2C12135%2C12246%2C12255%2C12163%2C12165%2C12236%2C12240%2C12331%2C12258%2C12256%2C12232%2C12252%2C12249%2C12248%2C12141%2C12234%2C12138%2C12137%2C12159%2C12143%2C12152%2C24359%2C24360%2C12136%2C12158%2C12151%2C12153%2C12271%2C12324%2C12155%2C12157%2C12156%2C12253%2C12161%2C12327%2C12244%2C12243%2C12241%2C12162%2C12145%2C12251%2C12245%2C12247%2C12235%2C12237%2C12239%2C12250%2C12229%2C12332%2C12336%2C12341%2C12333%2C12334%2C12335%2C12342%2C12329%2C12330%2C12337%2C12340%2C12338%2C12328%2C12339%2C12325%2C12537%2C12532%2C12534%2C12531%2C12533%2C12536%2C12535%2C12538%2C12515%2C12350%2C12518%2C12351%2C12514%2C12516%2C12517%2C12512%2C12505%2C12511%2C12504%2C12508%2C12507%2C12254%2C12506%2C12510%2C12509%2C12144%2C12502%2C12503%2C12545%2C12544%2C12546%2C12128%2C12547&lang=en
1042 ms 		https://api.guildwars2.com/v2/items?ids=12543%2C36731%2C66524%2C66522%2C19704%2C19679%2C19697%2C19718%2C19720%2C19792%2C19719%2C19738%2C19723%2C19710%2C19699%2C19683%2C19680%2C19739%2C19740%2C19789%2C19728%2C19733%2C19726%2C19713%2C19750%2C19688%2C19703%2C19741%2C19742%2C19794%2C19730%2C19734%2C19727%2C19714%2C19702%2C19686%2C19687%2C19743%2C19744%2C19793%2C19731%2C19736%2C19724%2C19711%2C19924%2C19681%2C19698%2C19748%2C19747%2C19791%2C19729%2C19735%2C19722%2C19709%2C19700%2C19684%2C19682%2C19745%2C19746%2C19790%2C19732%2C19737%2C19725%2C19712%2C19701%2C19685%2C62942%2C24290%2C24342%2C24346%2C24272%2C24352%2C24284%2C24296%2C24278%2C24295%2C24358%2C24291%2C24343%2C24347%2C24273%2C24353%2C24285%2C24297%2C24279%2C24351%2C24277%2C24292%2C24344%2C24348%2C24274%2C24354%2C24286%2C24298%2C24280%2C24357%2C24289%2C24293%2C24345%2C24349&lang=en
1008 ms 		https://api.guildwars2.com/v2/items?ids=24275%2C24355%2C24287%2C24363%2C24281%2C24300%2C24283%2C24294%2C24341%2C24350%2C24276%2C24356%2C24288%2C24299%2C24282%2C37897%2C44941%2C24534%2C24464%2C24466%2C24500%2C24467%2C24465%2C24501%2C24469%2C24470%2C24468%2C24889%2C24471%2C24535%2C24527%2C24472%2C24507%2C24504%2C24526%2C24503%2C24506%2C24872%2C24870%2C24874%2C24871%2C24875%2C24873%2C24876%2C24519%2C24511%2C24509%2C24473%2C24521%2C24474%2C24475%2C24520%2C24512%2C24515%2C24522%2C24516%2C37907%2C42006%2C42010%2C43773%2C24326%2C24321%2C24336%2C24331%2C24301%2C24306%2C24311%2C24316%2C24366%2C38014%2C24327%2C24322%2C24337%2C24332%2C24302%2C24307%2C24312%2C24317%2C19717%2C38023%2C24328%2C24323%2C24338%2C24333%2C24303%2C24308%2C24313%2C24318%2C24370%2C38024%2C24329%2C24324%2C24339%2C24334%2C24304%2C24309%2C24314%2C24319%2C19721%2C19925&lang=en
984 ms 		https://api.guildwars2.com/v2/items?ids=24330%2C24325%2C24340%2C24335%2C24305%2C24310%2C24315%2C24320%2C19976%2C43772%2C48884%2C49782%2C66637%2C66650%2C67832%2C36060%2C36061%2C36059%2C36041%2C38130%2C38131%2C38132%2C38133%2C38134%2C38135%2C43319%2C47909%2C48807%2C48805%2C48806%2C46731%2C46682%2C46733%2C46735%2C46742%2C46738%2C46745%2C46739%2C46744%2C46736%2C46730%2C46683%2C46732%2C46734%2C46681%2C46741%2C46740%2C46743%2C46747&lang=en
705 ms 		https://api.guildwars2.com/v2/commerce/prices?ids=12134%2C12238%2C12147%2C12142%2C12135%2C12246%2C12255%2C12163%2C12165%2C12236%2C12240%2C12331%2C12258%2C12256%2C12232%2C12252%2C12249%2C12248%2C12141%2C12234%2C12138%2C12137%2C12159%2C12143%2C12152%2C24359%2C24360%2C12136%2C12158%2C12151%2C12153%2C12271%2C12324%2C12155%2C12157%2C12156%2C12253%2C12161%2C12327%2C12244%2C12243%2C12241%2C12162%2C12145%2C12251%2C12245%2C12247%2C12235%2C12237%2C12239%2C12250%2C12229%2C12332%2C12336%2C12341%2C12333%2C12334%2C12335%2C12342%2C12329%2C12330%2C12337%2C12340%2C12338%2C12328%2C12339%2C12325%2C12537%2C12532%2C12534%2C12531%2C12533%2C12536%2C12535%2C12538%2C12515%2C12350%2C12518%2C12351%2C12514%2C12516%2C12517%2C12512%2C12505%2C12511%2C12504%2C12508%2C12507%2C12254%2C12506%2C12510%2C12509%2C12144%2C12502%2C12503%2C12545%2C12544%2C12546%2C12128%2C12547&lang=en
762 ms 		https://api.guildwars2.com/v2/commerce/prices?ids=12543%2C36731%2C66524%2C66522%2C19704%2C19679%2C19697%2C19718%2C19720%2C19792%2C19719%2C19738%2C19723%2C19710%2C19699%2C19683%2C19680%2C19739%2C19740%2C19789%2C19728%2C19733%2C19726%2C19713%2C19750%2C19688%2C19703%2C19741%2C19742%2C19794%2C19730%2C19734%2C19727%2C19714%2C19702%2C19686%2C19687%2C19743%2C19744%2C19793%2C19731%2C19736%2C19724%2C19711%2C19924%2C19681%2C19698%2C19748%2C19747%2C19791%2C19729%2C19735%2C19722%2C19709%2C19700%2C19684%2C19682%2C19745%2C19746%2C19790%2C19732%2C19737%2C19725%2C19712%2C19701%2C19685%2C62942%2C24290%2C24342%2C24346%2C24272%2C24352%2C24284%2C24296%2C24278%2C24295%2C24358%2C24291%2C24343%2C24347%2C24273%2C24353%2C24285%2C24297%2C24279%2C24351%2C24277%2C24292%2C24344%2C24348%2C24274%2C24354%2C24286%2C24298%2C24280%2C24357%2C24289%2C24293%2C24345%2C24349&lang=en
819 ms 		https://api.guildwars2.com/v2/commerce/prices?ids=24275%2C24355%2C24287%2C24363%2C24281%2C24300%2C24283%2C24294%2C24341%2C24350%2C24276%2C24356%2C24288%2C24299%2C24282%2C37897%2C44941%2C24534%2C24464%2C24466%2C24500%2C24467%2C24465%2C24501%2C24469%2C24470%2C24468%2C24889%2C24471%2C24535%2C24527%2C24472%2C24507%2C24504%2C24526%2C24503%2C24506%2C24872%2C24870%2C24874%2C24871%2C24875%2C24873%2C24876%2C24519%2C24511%2C24509%2C24473%2C24521%2C24474%2C24475%2C24520%2C24512%2C24510%2C24515%2C24522%2C24508%2C24516%2C37907%2C42006%2C42010%2C43773%2C24326%2C24321%2C24336%2C24331%2C24301%2C24306%2C24311%2C24316%2C24366%2C38014%2C24327%2C24322%2C24337%2C24332%2C24302%2C24307%2C24312%2C24317%2C19717%2C38023%2C24328%2C24323%2C24338%2C24333%2C24303%2C24308%2C24313%2C24318%2C24370%2C38024%2C24329%2C24324%2C24339%2C24334%2C24304%2C24309%2C24314%2C24319&lang=en
786 ms 		https://api.guildwars2.com/v2/commerce/prices?ids=19721%2C19925%2C24330%2C24325%2C24340%2C24335%2C24305%2C24310%2C24315%2C24320%2C19976%2C43772%2C48884%2C49782%2C66637%2C66650%2C67832%2C36060%2C36061%2C36059%2C36041%2C38130%2C38131%2C38132%2C38133%2C38134%2C38135%2C43319%2C47909%2C48807%2C48805%2C48806%2C46731%2C46682%2C46733%2C46735%2C46742%2C46738%2C46745%2C46739%2C46744%2C46736%2C46730%2C46683%2C46732%2C46734%2C46681%2C46741%2C46740%2C46743%2C46747&lang=en
731 ms 		https://api.guildwars2.com/v2/account/materials?lang=en&access_token=83BC286C-6B47-6F48-AE74-1F47809D4EC4C3D97596-BD05-459E-A883-84F354FA35DF
912 ms 		https://api.guildwars2.com/v2/items?ids=44602%2C23045%2C42877%2C37105%2C37098%2C39225%2C39224%2C49887%2C66961%2C49879%2C49875%2C49881%2C49885%2C49878%2C49891&lang=en
640 ms 		https://api.guildwars2.com/v2/skins?ids=5344%2C5311%2C5251%2C5325%2C5334%2C5299&lang=en
789 ms 		https://api.guildwars2.com/v2/items?ids=67826%2C67981%2C50025%2C67270%2C66999%2C68369%2C69887%2C46760%2C46773%2C46796&lang=en
625 ms 		https://api.guildwars2.com/v2/skins?ids=5526%2C5520%2C5523&lang=en
861 ms 		https://api.guildwars2.com/v2/items?ids=67027%2C19554%2C24730%2C8920%2C67836%2C49957%2C67945%2C67942&lang=en
691 ms 		https://api.guildwars2.com/v2/skins?ids=4510&lang=en
841 ms 		https://api.guildwars2.com/v2/items?ids=49957&lang=en
944 ms 		https://api.guildwars2.com/v2/items?ids=19620%2C24487%2C24679%2C861%2C21683%2C8852%2C49413%2C17877%2C67941%2C46774%2C46765%2C25971&lang=en
719 ms 		https://api.guildwars2.com/v2/skins?ids=4367%2C4518%2C4430%2C4509&lang=en
853 ms 		https://api.guildwars2.com/v2/items?ids=24766%2C43766%2C42036%2C47053%2C26221%2C17316%2C46763%2C46823%2C46827%2C42019&lang=en
740 ms 		https://api.guildwars2.com/v2/skins?ids=4925%2C4936%2C4926%2C4947%2C4967%2C4934&lang=en
804 ms 		https://api.guildwars2.com/v2/items?ids=42019&lang=en
1204 ms 		https://api.guildwars2.com/v2/items?ids=24476%2C24694%2C68109%2C37102%2C37103%2C14571%2C26693%2C46788%2C46789%2C15475%2C24548&lang=en
802 ms 		https://api.guildwars2.com/v2/skins?ids=4287%2C4268%2C4267%2C4335&lang=en
934 ms 		https://api.guildwars2.com/v2/items?ids=48717%2C67939%2C48911%2C67950%2C24630%2C46759%2C46777&lang=en
593 ms 		https://api.guildwars2.com/v2/skins?ids=4790%2C5186%2C5131&lang=en
772 ms 		https://api.guildwars2.com/v2/items?ids=19560%2C37077%2C37087%2C18418&lang=en
697 ms 		https://api.guildwars2.com/v2/skins?ids=4644%2C4629&lang=en
779 ms 		https://api.guildwars2.com/v2/items?ids=23040%2C24712%2C47083%2C17690&lang=en
493 ms 		https://api.guildwars2.com/v2/skins?ids=4507&lang=en
822 ms 		https://api.guildwars2.com/v2/items?ids=35885%2C35867%2C18567%2C35891%2C67647%2C35882%2C18569&lang=en
641 ms 		https://api.guildwars2.com/v2/skins?ids=3971%2C3893%2C4058%2C3888%2C3916%2C3918&lang=en
726 ms 		https://api.guildwars2.com/v2/commerce/prices?ids=37074%2C37080%2C37077%2C49409%2C67909%2C39600%2C49407%2C49395%2C67902%2C39612%2C37092%2C49399%2C37076%2C37082%2C37078%2C49423%2C39601%2C37085%2C39596%2C49415%2C39597%2C49408%2C49414%2C49403%2C37075%2C39608%2C67784%2C68058%2C68520%2C39711%2C66768%2C68046%2C68368%2C38117%2C38120%2C38118%2C38119%2C38116%2C44720%2C49133%2C66214%2C20318%2C20315&lang=en
838 ms 		https://api.guildwars2.com/v2/tokeninfo?lang=en&access_token=83BC286C-6B47-6F48-AE74-1F47809D4EC4C3D97596-BD05-459E-A883-84F354FA35DF
680 ms 		https://api.guildwars2.com/v2/account?lang=en&access_token=83BC286C-6B47-6F48-AE74-1F47809D4EC4C3D97596-BD05-459E-A883-84F354FA35DF
695 ms 		https://api.guildwars2.com/v2/characters?lang=en&access_token=83BC286C-6B47-6F48-AE74-1F47809D4EC4C3D97596-BD05-459E-A883-84F354FA35DF
700 ms 		https://api.guildwars2.com/v2/materials?lang=en
723 ms 		https://api.guildwars2.com/v2/materials?ids=5%2C6%2C29%2C30%2C37%2C38%2C46&lang=en
744 ms 		https://api.guildwars2.com/v2/account/materials?lang=en&access_token=83BC286C-6B47-6F48-AE74-1F47809D4EC4C3D97596-BD05-459E-A883-84F354FA35DF
1017 ms 		https://api.guildwars2.com/v2/commerce/prices?ids=12134%2C12238%2C12147%2C12142%2C12135%2C12246%2C12255%2C12163%2C12165%2C12236%2C12240%2C12331%2C12258%2C12256%2C12232%2C12252%2C12249%2C12248%2C12141%2C12234%2C12138%2C12137%2C12159%2C12143%2C12152%2C24359%2C24360%2C12136%2C12158%2C12151%2C12153%2C12271%2C12324%2C12155%2C12157%2C12156%2C12253%2C12161%2C12327%2C12244%2C12243%2C12241%2C12162%2C12145%2C12251%2C12245%2C12247%2C12235%2C12237%2C12239%2C12250%2C12229%2C12332%2C12336%2C12341%2C12333%2C12334%2C12335%2C12342%2C12329%2C12330%2C12337%2C12340%2C12338%2C12328%2C12339%2C12325%2C12537%2C12532%2C12534%2C12531%2C12533%2C12536%2C12535%2C12538%2C12515%2C12350%2C12518%2C12351%2C12514%2C12516%2C12517%2C12512%2C12505%2C12511%2C12504%2C12508%2C12507%2C12254%2C12506%2C12510%2C12509%2C12144%2C12502%2C12503%2C12545%2C12544%2C12546%2C12128%2C12547&lang=en
922 ms 		https://api.guildwars2.com/v2/commerce/prices?ids=12543%2C36731%2C66524%2C66522%2C19704%2C19679%2C19697%2C19718%2C19720%2C19792%2C19719%2C19738%2C19723%2C19710%2C19699%2C19683%2C19680%2C19739%2C19740%2C19789%2C19728%2C19733%2C19726%2C19713%2C19750%2C19688%2C19703%2C19741%2C19742%2C19794%2C19730%2C19734%2C19727%2C19714%2C19702%2C19686%2C19687%2C19743%2C19744%2C19793%2C19731%2C19736%2C19724%2C19711%2C19924%2C19681%2C19698%2C19748%2C19747%2C19791%2C19729%2C19735%2C19722%2C19709%2C19700%2C19684%2C19682%2C19745%2C19746%2C19790%2C19732%2C19737%2C19725%2C19712%2C19701%2C19685%2C62942%2C24290%2C24342%2C24346%2C24272%2C24352%2C24284%2C24296%2C24278%2C24295%2C24358%2C24291%2C24343%2C24347%2C24273%2C24353%2C24285%2C24297%2C24279%2C24351%2C24277%2C24292%2C24344%2C24348%2C24274%2C24354%2C24286%2C24298%2C24280%2C24357%2C24289%2C24293%2C24345%2C24349&lang=en
814 ms 		https://api.guildwars2.com/v2/commerce/prices?ids=24275%2C24355%2C24287%2C24363%2C24281%2C24300%2C24283%2C24294%2C24341%2C24350%2C24276%2C24356%2C24288%2C24299%2C24282%2C37897%2C44941%2C24534%2C24464%2C24466%2C24500%2C24467%2C24465%2C24501%2C24469%2C24470%2C24468%2C24889%2C24471%2C24535%2C24527%2C24472%2C24507%2C24504%2C24526%2C24503%2C24506%2C24872%2C24870%2C24874%2C24871%2C24875%2C24873%2C24876%2C24519%2C24511%2C24509%2C24473%2C24521%2C24474%2C24475%2C24520%2C24512%2C24510%2C24515%2C24522%2C24508%2C24516%2C37907%2C42006%2C42010%2C43773%2C24326%2C24321%2C24336%2C24331%2C24301%2C24306%2C24311%2C24316%2C24366%2C38014%2C24327%2C24322%2C24337%2C24332%2C24302%2C24307%2C24312%2C24317%2C19717%2C38023%2C24328%2C24323%2C24338%2C24333%2C24303%2C24308%2C24313%2C24318%2C24370%2C38024%2C24329%2C24324%2C24339%2C24334%2C24304%2C24309%2C24314%2C24319&lang=en
745 ms 		https://api.guildwars2.com/v2/commerce/prices?ids=19721%2C19925%2C24330%2C24325%2C24340%2C24335%2C24305%2C24310%2C24315%2C24320%2C19976%2C43772%2C48884%2C49782%2C66637%2C66650%2C67832%2C36060%2C36061%2C36059%2C36041%2C38130%2C38131%2C38132%2C38133%2C38134%2C38135%2C43319%2C47909%2C48807%2C48805%2C48806%2C46731%2C46682%2C46733%2C46735%2C46742%2C46738%2C46745%2C46739%2C46744%2C46736%2C46730%2C46683%2C46732%2C46734%2C46681%2C46741%2C46740%2C46743%2C46747&lang=en
2010 ms 		https://api.guildwars2.com/v2/commerce/prices?ids=12165&lang=en
799 ms 		https://api.guildwars2.com/v2/commerce/prices?ids=12240&lang=en
1867 ms 		https://api.guildwars2.com/v2/commerce/prices?ids=12256&lang=en
714 ms 		https://api.guildwars2.com/v2/commerce/prices?ids=12232&lang=en
554 ms 		https://api.guildwars2.com/v2/commerce/prices?ids=12252&lang=en
636 ms 		https://api.guildwars2.com/v2/commerce/prices?ids=12249&lang=en
586 ms 		https://api.guildwars2.com/v2/commerce/prices?ids=12141&lang=en
800 ms 		https://api.guildwars2.com/v2/commerce/prices?ids=12137&lang=en
727 ms 		https://api.guildwars2.com/v2/commerce/prices?ids=12159&lang=en
659 ms 		https://api.guildwars2.com/v2/commerce/prices?ids=12152&lang=en
749 ms 		https://api.guildwars2.com/v2/commerce/prices?ids=12145&lang=en
1207 ms 		https://api.guildwars2.com/v2/commerce/prices?ids=12251&lang=en
680 ms 		https://api.guildwars2.com/v2/commerce/prices?ids=12245&lang=en
709 ms 		https://api.guildwars2.com/v2/commerce/prices?ids=12235&lang=en
542 ms 		https://api.guildwars2.com/v2/commerce/prices?ids=12237&lang=en
667 ms 		https://api.guildwars2.com/v2/commerce/prices?ids=12239&lang=en
688 ms 		https://api.guildwars2.com/v2/commerce/prices?ids=12337&lang=en
637 ms 		https://api.guildwars2.com/v2/commerce/prices?ids=12340&lang=en
945 ms 		https://api.guildwars2.com/v2/commerce/prices?ids=12338&lang=en
619 ms 		https://api.guildwars2.com/v2/commerce/prices?ids=12328&lang=en
768 ms 		https://api.guildwars2.com/v2/commerce/prices?ids=12339&lang=en
900 ms 		https://api.guildwars2.com/v2/commerce/prices?ids=12325&lang=en
702 ms 		https://api.guildwars2.com/v2/commerce/prices?ids=12515&lang=en
634 ms 		https://api.guildwars2.com/v2/commerce/prices?ids=12350&lang=en
577 ms 		https://api.guildwars2.com/v2/commerce/prices?ids=12518&lang=en
1173 ms 		https://api.guildwars2.com/v2/commerce/prices?ids=12514&lang=en
1479 ms 		https://api.guildwars2.com/v2/commerce/prices?ids=12516&lang=en
693 ms 		https://api.guildwars2.com/v2/commerce/prices?ids=12517&lang=en
618 ms 		https://api.guildwars2.com/v2/commerce/prices?ids=12502&lang=en
724 ms 		https://api.guildwars2.com/v2/commerce/prices?ids=12503&lang=en
787 ms 		https://api.guildwars2.com/v2/commerce/prices?ids=12543&lang=en
599 ms 		https://api.guildwars2.com/v2/commerce/prices?ids=38014&lang=en
691 ms 		https://api.guildwars2.com/v2/commerce/prices?ids=19717&lang=en
1358 ms 		https://api.guildwars2.com/v2/commerce/prices?ids=38023&lang=en
632 ms 		https://api.guildwars2.com/v2/commerce/prices?ids=38024&lang=en
648 ms 		https://api.guildwars2.com/v2/commerce/prices?ids=19925&lang=en
714 ms 		https://api.guildwars2.com/v2/commerce/prices?ids=43772&lang=en
633 ms 		https://api.guildwars2.com/v2/commerce/prices?ids=46731&lang=en
612 ms 		https://api.guildwars2.com/v2/commerce/prices?ids=46733&lang=en
664 ms 		https://api.guildwars2.com/v2/commerce/prices?ids=46735&lang=en
726 ms 		https://api.guildwars2.com/v2/commerce/prices?ids=46742&lang=en
739 ms 		https://api.guildwars2.com/v2/commerce/prices?ids=46745&lang=en
693 ms 		https://api.guildwars2.com/v2/commerce/prices?ids=46744&lang=en
766 ms 		https://api.guildwars2.com/v2/commerce/prices?ids=46730&lang=en
833 ms 		https://api.guildwars2.com/v2/commerce/prices?ids=46732&lang=en
614 ms 		https://api.guildwars2.com/v2/commerce/prices?ids=46734&lang=en
722 ms 		https://api.guildwars2.com/v2/commerce/prices?ids=46681&lang=en
680 ms 		https://api.guildwars2.com/v2/commerce/prices?ids=46740&lang=en
761 ms 		https://api.guildwars2.com/v2/tokeninfo?lang=en&access_token=83BC286C-6B47-6F48-AE74-1F47809D4EC4C3D97596-BD05-459E-A883-84F354FA35DF
944 ms 		https://api.guildwars2.com/v2/account?lang=en&access_token=83BC286C-6B47-6F48-AE74-1F47809D4EC4C3D97596-BD05-459E-A883-84F354FA35DF
599 ms 		https://api.guildwars2.com/v2/characters?lang=en&access_token=83BC286C-6B47-6F48-AE74-1F47809D4EC4C3D97596-BD05-459E-A883-84F354FA35DF
647 ms 		https://api.guildwars2.com/v2/materials?lang=en
591 ms 		https://api.guildwars2.com/v2/materials?ids=5%2C6%2C29%2C30%2C37%2C38%2C46&lang=en
1128 ms 		https://api.guildwars2.com/v2/items?ids=12134%2C12238%2C12147%2C12142%2C12135%2C12246%2C12255%2C12163%2C12165%2C12236%2C12240%2C12331%2C12258%2C12256%2C12232%2C12252%2C12249%2C12248%2C12141%2C12234%2C12138%2C12137%2C12159%2C12143%2C12152%2C24359%2C24360%2C12136%2C12158%2C12151%2C12153%2C12271%2C12324%2C12155%2C12157%2C12156%2C12253%2C12161%2C12327%2C12244%2C12243%2C12241%2C12162%2C12145%2C12251%2C12245%2C12247%2C12235%2C12237%2C12239%2C12250%2C12229%2C12332%2C12336%2C12341%2C12333%2C12334%2C12335%2C12342%2C12329%2C12330%2C12337%2C12340%2C12338%2C12328%2C12339%2C12325%2C12537%2C12532%2C12534%2C12531%2C12533%2C12536%2C12535%2C12538%2C12515%2C12350%2C12518%2C12351%2C12514%2C12516%2C12517%2C12512%2C12505%2C12511%2C12504%2C12508%2C12507%2C12254%2C12506%2C12510%2C12509%2C12144%2C12502%2C12503%2C12545%2C12544%2C12546%2C12128%2C12547&lang=en
1068 ms 		https://api.guildwars2.com/v2/items?ids=12543%2C36731%2C66524%2C66522%2C19704%2C19679%2C19697%2C19718%2C19720%2C19792%2C19719%2C19738%2C19723%2C19710%2C19699%2C19683%2C19680%2C19739%2C19740%2C19789%2C19728%2C19733%2C19726%2C19713%2C19750%2C19688%2C19703%2C19741%2C19742%2C19794%2C19730%2C19734%2C19727%2C19714%2C19702%2C19686%2C19687%2C19743%2C19744%2C19793%2C19731%2C19736%2C19724%2C19711%2C19924%2C19681%2C19698%2C19748%2C19747%2C19791%2C19729%2C19735%2C19722%2C19709%2C19700%2C19684%2C19682%2C19745%2C19746%2C19790%2C19732%2C19737%2C19725%2C19712%2C19701%2C19685%2C62942%2C24290%2C24342%2C24346%2C24272%2C24352%2C24284%2C24296%2C24278%2C24295%2C24358%2C24291%2C24343%2C24347%2C24273%2C24353%2C24285%2C24297%2C24279%2C24351%2C24277%2C24292%2C24344%2C24348%2C24274%2C24354%2C24286%2C24298%2C24280%2C24357%2C24289%2C24293%2C24345%2C24349&lang=en
1104 ms 		https://api.guildwars2.com/v2/items?ids=24275%2C24355%2C24287%2C24363%2C24281%2C24300%2C24283%2C24294%2C24341%2C24350%2C24276%2C24356%2C24288%2C24299%2C24282%2C37897%2C44941%2C24534%2C24464%2C24466%2C24500%2C24467%2C24465%2C24501%2C24469%2C24470%2C24468%2C24889%2C24471%2C24535%2C24527%2C24472%2C24507%2C24504%2C24526%2C24503%2C24506%2C24872%2C24870%2C24874%2C24871%2C24875%2C24873%2C24876%2C24519%2C24511%2C24509%2C24473%2C24521%2C24474%2C24475%2C24520%2C24512%2C24510%2C24515%2C24522%2C24508%2C24516%2C37907%2C42006%2C42010%2C43773%2C24326%2C24321%2C24336%2C24331%2C24301%2C24306%2C24311%2C24316%2C24366%2C38014%2C24327%2C24322%2C24337%2C24332%2C24302%2C24307%2C24312%2C24317%2C19717%2C38023%2C24328%2C24323%2C24338%2C24333%2C24303%2C24308%2C24313%2C24318%2C24370%2C38024%2C24329%2C24324%2C24339%2C24334%2C24304%2C24309%2C24314%2C24319&lang=en
957 ms 		https://api.guildwars2.com/v2/items?ids=19721%2C19925%2C24330%2C24325%2C24340%2C24335%2C24305%2C24310%2C24315%2C24320%2C19976%2C43772%2C48884%2C49782%2C66637%2C66650%2C67832%2C36060%2C36061%2C36059%2C36041%2C38130%2C38131%2C38132%2C38133%2C38134%2C38135%2C43319%2C47909%2C48807%2C48805%2C48806%2C46731%2C46682%2C46733%2C46735%2C46742%2C46738%2C46745%2C46739%2C46744%2C46736%2C46730%2C46683%2C46732%2C46734%2C46681%2C46741%2C46740%2C46743%2C46747&lang=en
798 ms 		https://api.guildwars2.com/v2/items?ids=46682%2C46683%2C46743&lang=en
716 ms 		https://api.guildwars2.com/v2/commerce/prices?ids=12134%2C12238%2C12147%2C12142%2C12135%2C12246%2C12255%2C12163%2C12165%2C12236%2C12240%2C12331%2C12258%2C12256%2C12232%2C12252%2C12249%2C12248%2C12141%2C12234%2C12138%2C12137%2C12159%2C12143%2C12152%2C24359%2C24360%2C12136%2C12158%2C12151%2C12153%2C12271%2C12324%2C12155%2C12157%2C12156%2C12253%2C12161%2C12327%2C12244%2C12243%2C12241%2C12162%2C12145%2C12251%2C12245%2C12247%2C12235%2C12237%2C12239%2C12250%2C12229%2C12332%2C12336%2C12341%2C12333%2C12334%2C12335%2C12342%2C12329%2C12330%2C12337%2C12340%2C12338%2C12328%2C12339%2C12325%2C12537%2C12532%2C12534%2C12531%2C12533%2C12536%2C12535%2C12538%2C12515%2C12350%2C12518%2C12351%2C12514%2C12516%2C12517%2C12512%2C12505%2C12511%2C12504%2C12508%2C12507%2C12254%2C12506%2C12510%2C12509%2C12144%2C12502%2C12503%2C12545%2C12544%2C12546%2C12128%2C12547&lang=en
785 ms 		https://api.guildwars2.com/v2/commerce/prices?ids=12543%2C36731%2C66524%2C66522%2C19704%2C19679%2C19697%2C19718%2C19720%2C19792%2C19719%2C19738%2C19723%2C19710%2C19699%2C19683%2C19680%2C19739%2C19740%2C19789%2C19728%2C19733%2C19726%2C19713%2C19750%2C19688%2C19703%2C19741%2C19742%2C19794%2C19730%2C19734%2C19727%2C19714%2C19702%2C19686%2C19687%2C19743%2C19744%2C19793%2C19731%2C19736%2C19724%2C19711%2C19924%2C19681%2C19698%2C19748%2C19747%2C19791%2C19729%2C19735%2C19722%2C19709%2C19700%2C19684%2C19682%2C19745%2C19746%2C19790%2C19732%2C19737%2C19725%2C19712%2C19701%2C19685%2C62942%2C24290%2C24342%2C24346%2C24272%2C24352%2C24284%2C24296%2C24278%2C24295%2C24358%2C24291%2C24343%2C24347%2C24273%2C24353%2C24285%2C24297%2C24279%2C24351%2C24277%2C24292%2C24344%2C24348%2C24274%2C24354%2C24286%2C24298%2C24280%2C24357%2C24289%2C24293%2C24345%2C24349&lang=en
816 ms 		https://api.guildwars2.com/v2/commerce/prices?ids=24275%2C24355%2C24287%2C24363%2C24281%2C24300%2C24283%2C24294%2C24341%2C24350%2C24276%2C24356%2C24288%2C24299%2C24282%2C37897%2C44941%2C24534%2C24464%2C24466%2C24500%2C24467%2C24465%2C24501%2C24469%2C24470%2C24468%2C24889%2C24471%2C24535%2C24527%2C24472%2C24507%2C24504%2C24526%2C24503%2C24506%2C24872%2C24870%2C24874%2C24871%2C24875%2C24873%2C24876%2C24519%2C24511%2C24509%2C24473%2C24521%2C24474%2C24475%2C24520%2C24512%2C24510%2C24515%2C24522%2C24508%2C24516%2C37907%2C42006%2C42010%2C43773%2C24326%2C24321%2C24336%2C24331%2C24301%2C24306%2C24311%2C24316%2C24366%2C38014%2C24327%2C24322%2C24337%2C24332%2C24302%2C24307%2C24312%2C24317%2C19717%2C38023%2C24328%2C24323%2C24338%2C24333%2C24303%2C24308%2C24313%2C24318%2C24370%2C38024%2C24329%2C24324%2C24339%2C24334%2C24304%2C24309%2C24314%2C24319&lang=en
685 ms 		https://api.guildwars2.com/v2/commerce/prices?ids=19721%2C19925%2C24330%2C24325%2C24340%2C24335%2C24305%2C24310%2C24315%2C24320%2C19976%2C43772%2C48884%2C49782%2C66637%2C66650%2C67832%2C36060%2C36061%2C36059%2C36041%2C38130%2C38131%2C38132%2C38133%2C38134%2C38135%2C43319%2C47909%2C48807%2C48805%2C48806%2C46731%2C46682%2C46733%2C46735%2C46742%2C46738%2C46745%2C46739%2C46744%2C46736%2C46730%2C46683%2C46732%2C46734%2C46681%2C46741%2C46740%2C46743%2C46747&lang=en
616 ms 		https://api.guildwars2.com/v2/commerce/prices?ids=12165%2C12240%2C12256%2C12232%2C12252%2C12249%2C12141%2C12137%2C12159%2C12152%2C12145%2C12251%2C12245%2C12235%2C12237%2C12239%2C12337%2C12340%2C12338%2C12328%2C12339%2C12325%2C12515%2C12350%2C12518%2C12514%2C12516%2C12517%2C12502%2C12503%2C12543%2C38014%2C19717%2C38023%2C38024%2C19925%2C43772%2C46731%2C46682%2C46733%2C46735%2C46742%2C46745%2C46744%2C46730%2C46683%2C46732%2C46734%2C46681%2C46740&lang=en
1183 ms 		https://api.guildwars2.com/v2/account/materials?lang=en&access_token=83BC286C-6B47-6F48-AE74-1F47809D4EC4C3D97596-BD05-459E-A883-84F354FA35DF
713 ms 		https://api.guildwars2.com/v2/commerce/prices?ids=12165&lang=en
827 ms 		https://api.guildwars2.com/v2/commerce/prices?ids=12240&lang=en
753 ms 		https://api.guildwars2.com/v2/commerce/prices?ids=12256&lang=en
937 ms 		https://api.guildwars2.com/v2/commerce/prices?ids=12232&lang=en
670 ms 		https://api.guildwars2.com/v2/commerce/prices?ids=12252&lang=en
809 ms 		https://api.guildwars2.com/v2/commerce/prices?ids=12249&lang=en
758 ms 		https://api.guildwars2.com/v2/commerce/prices?ids=12141&lang=en
785 ms 		https://api.guildwars2.com/v2/commerce/prices?ids=12137&lang=en
1306 ms 		https://api.guildwars2.com/v2/characters?ids=Tao+Kun+Chance%2CTao+Lee+Wood%2CTao+Lympik%2CTao+Belix%2CTao+Clown%2CTao+Vni%2CTao+Richalk%2CTao+Ythaq%2CTao+Sekour%2CTao+Rible&lang=en&access_token=83BC286C-6B47-6F48-AE74-1F47809D4EC4C3D97596-BD05-459E-A883-84F354FA35DF
837 ms 		https://api.guildwars2.com/v2/commerce/prices?ids=12159&lang=en
1149 ms 		https://api.guildwars2.com/v2/items?ids=47873%2C24691%2C37060%2C37138%2C49428%2C49627%2C49628%2C49611%2C49626%2C49625%2C49624%2C39232%2C39233%2C37095%2C37108%2C39308%2C30691%2C24533%2C24618%2C30701%2C24601%2C49888%2C24562%2C49874%2C49884%2C24575%2C22997%2C23000%2C23001&lang=en
798 ms 		https://api.guildwars2.com/v2/commerce/prices?ids=12152&lang=en
907 ms 		https://api.guildwars2.com/v2/skins?ids=2362%2C313%2C316%2C309%2C299%2C311%2C294%2C5292%2C5274%2C5308&lang=en
763 ms 		https://api.guildwars2.com/v2/commerce/prices?ids=12145&lang=en
1003 ms 		https://api.guildwars2.com/v2/items?ids=47874%2C44951%2C50064%2C47935%2C47934%2C47936%2C47937%2C47938%2C47939%2C49419%2C49430%2C49418%2C39313%2C46795%2C24560%2C30695%2C30688%2C68373%2C68376&lang=en
699 ms 		https://api.guildwars2.com/v2/commerce/prices?ids=12251&lang=en
633 ms 		https://api.guildwars2.com/v2/commerce/prices?ids=12245&lang=en
718 ms 		https://api.guildwars2.com/v2/skins?ids=406%2C420%2C400%2C391%2C405%2C390%2C4666%2C5518%2C5527&lang=en
725 ms 		https://api.guildwars2.com/v2/commerce/prices?ids=12235&lang=en
937 ms 		https://api.guildwars2.com/v2/items?ids=47875%2C48085%2C48084%2C48086%2C48087%2C48088%2C48089%2C39243%2C39242%2C67900%2C46886%2C46768%2C68377&lang=en
719 ms 		https://api.guildwars2.com/v2/commerce/prices?ids=12237&lang=en
750 ms 		https://api.guildwars2.com/v2/skins?ids=2357%2C5650%2C1393%2C662%2C1389%2C5647%2C656%2C4664%2C4500&lang=en
1017 ms 		https://api.guildwars2.com/v2/commerce/prices?ids=12239&lang=en
1092 ms 		https://api.guildwars2.com/v2/items?ids=4483%2C37059%2C67630%2C67629%2C67626%2C67625%2C67628%2C67627%2C30697%2C24554%2C42035%2C24524%2C24551%2C67937%2C67944%2C44950%2C67936&lang=en
791 ms 		https://api.guildwars2.com/v2/commerce/prices?ids=12337&lang=en
658 ms 		https://api.guildwars2.com/v2/skins?ids=2353%2C525%2C531%2C523%2C513%2C522%2C504%2C4671%2C4362%2C4445%2C4391&lang=en
946 ms 		https://api.guildwars2.com/v2/commerce/prices?ids=12340&lang=en
886 ms 		https://api.guildwars2.com/v2/items?ids=4483&lang=en
749 ms 		https://api.guildwars2.com/v2/commerce/prices?ids=12338&lang=en
971 ms 		https://api.guildwars2.com/v2/items?ids=67004%2C17348%2C10579%2C10614%2C10684%2C10544%2C17352%2C67298%2C67302%2C37075%2C37086%2C39331%2C42018%2C24514%2C17694%2C46762%2C46831%2C17334&lang=en
654 ms 		https://api.guildwars2.com/v2/commerce/prices?ids=12328&lang=en
715 ms 		https://api.guildwars2.com/v2/skins?ids=864%2C867%2C896%2C892%2C865%2C884%2C4928%2C4946%2C4910&lang=en
789 ms 		https://api.guildwars2.com/v2/commerce/prices?ids=12339&lang=en
750 ms 		https://api.guildwars2.com/v2/items?ids=42018&lang=en
775 ms 		https://api.guildwars2.com/v2/commerce/prices?ids=12325&lang=en
931 ms 		https://api.guildwars2.com/v2/items?ids=24757%2C50063%2C43866%2C67622%2C67623%2C67620%2C67624%2C67619%2C67621%2C39554%2C39555%2C39604%2C39588%2C67935%2C17323%2C15315%2C46780%2C46792&lang=en
725 ms 		https://api.guildwars2.com/v2/commerce/prices?ids=12515&lang=en
537 ms 		https://api.guildwars2.com/v2/skins?ids=1314%2C673%2C1320%2C1018%2C614%2C1309%2C4350%2C4266%2C4279&lang=en
631 ms 		https://api.guildwars2.com/v2/commerce/prices?ids=12350&lang=en
794 ms 		https://api.guildwars2.com/v2/commerce/prices?ids=12518&lang=en
1166 ms 		https://api.guildwars2.com/v2/items?ids=4481%2C48115%2C48114%2C48116%2C48117%2C48118%2C48119%2C67894%2C67896%2C67905%2C67906%2C67898%2C46764%2C47023%2C67943%2C67951%2C67948&lang=en
1111 ms 		https://api.guildwars2.com/v2/commerce/prices?ids=12514&lang=en
922 ms 		https://api.guildwars2.com/v2/skins?ids=878%2C904%2C918%2C907%2C882%2C901%2C4642%2C4633%2C4582&lang=en
543 ms 		https://api.guildwars2.com/v2/commerce/prices?ids=12516&lang=en
724 ms 		https://api.guildwars2.com/v2/items?ids=4481&lang=en
733 ms 		https://api.guildwars2.com/v2/commerce/prices?ids=12517&lang=en
824 ms 		https://api.guildwars2.com/v2/items?ids=4483%2C42425%2C67447%2C67448%2C67299%2C67301%2C39309%2C46772%2C42452%2C24532%2C18412%2C67648%2C14452%2C24578&lang=en
769 ms 		https://api.guildwars2.com/v2/commerce/prices?ids=12502&lang=en
617 ms 		https://api.guildwars2.com/v2/skins?ids=421%2C424%2C419%2C407%2C417%2C408%2C4615%2C4648&lang=en
645 ms 		https://api.guildwars2.com/v2/commerce/prices?ids=12503&lang=en
697 ms 		https://api.guildwars2.com/v2/items?ids=42452&lang=en
614 ms 		https://api.guildwars2.com/v2/commerce/prices?ids=12543&lang=en
849 ms 		https://api.guildwars2.com/v2/items?ids=37001%2C17930%2C45805%2C45792%2C45831%2C17933%2C45818%2C67294%2C67190%2C18712%2C24580%2C35228%2C18720%2C24615%2C17325%2C46771&lang=en
654 ms 		https://api.guildwars2.com/v2/commerce/prices?ids=38014&lang=en
681 ms 		https://api.guildwars2.com/v2/skins?ids=296%2C304%2C288%2C278%2C287%2C271%2C4432%2C4364&lang=en
629 ms 		https://api.guildwars2.com/v2/commerce/prices?ids=19717&lang=en
685 ms 		https://api.guildwars2.com/v2/items?ids=35228&lang=en
603 ms 		https://api.guildwars2.com/v2/commerce/prices?ids=38023&lang=en
678 ms 		https://api.guildwars2.com/v2/commerce/prices?ids=38024&lang=en
1136 ms 		https://api.guildwars2.com/v2/items?ids=24779%2C24544%2C67615%2C24848%2C67614%2C24765%2C67618%2C67613%2C67616%2C67617%2C67903%2C18564%2C18570%2C18410%2C24624%2C18424%2C35809&lang=en
658 ms 		https://api.guildwars2.com/v2/commerce/prices?ids=19925&lang=en
643 ms 		https://api.guildwars2.com/v2/skins?ids=721%2C777%2C771%2C1198%2C1066%2C768%2C3897%2C3961%2C3884&lang=en
738 ms 		https://api.guildwars2.com/v2/commerce/prices?ids=43772&lang=en
794 ms 		https://api.guildwars2.com/v2/commerce/prices?ids=46731&lang=en
698 ms 		https://api.guildwars2.com/v2/commerce/prices?ids=46733&lang=en
721 ms 		https://api.guildwars2.com/v2/commerce/prices?ids=46735&lang=en
645 ms 		https://api.guildwars2.com/v2/commerce/prices?ids=46742&lang=en
620 ms 		https://api.guildwars2.com/v2/commerce/prices?ids=46745&lang=en
662 ms 		https://api.guildwars2.com/v2/commerce/prices?ids=46744&lang=en
783 ms 		https://api.guildwars2.com/v2/commerce/prices?ids=46730&lang=en
551 ms 		https://api.guildwars2.com/v2/commerce/prices?ids=46732&lang=en
1027 ms 		https://api.guildwars2.com/v2/commerce/prices?ids=46734&lang=en
714 ms 		https://api.guildwars2.com/v2/commerce/prices?ids=46681&lang=en
701 ms 		https://api.guildwars2.com/v2/commerce/prices?ids=46740&lang=en
878 ms 		https://api.guildwars2.com/v2/tokeninfo?lang=en&access_token=83BC286C-6B47-6F48-AE74-1F47809D4EC4C3D97596-BD05-459E-A883-84F354FA35DF
659 ms 		https://api.guildwars2.com/v2/account?lang=en&access_token=83BC286C-6B47-6F48-AE74-1F47809D4EC4C3D97596-BD05-459E-A883-84F354FA35DF
661 ms 		https://api.guildwars2.com/v2/characters?lang=en&access_token=83BC286C-6B47-6F48-AE74-1F47809D4EC4C3D97596-BD05-459E-A883-84F354FA35DF
654 ms 		https://api.guildwars2.com/v2/worlds?ids=2102&lang=en
796 ms 		https://api.guildwars2.com/v1/guild_details.json?guild_id=58E082BD-7F28-449E-ADB7-37C30C726CE4&lang=en
841 ms 		https://api.guildwars2.com/v1/guild_details.json?guild_id=28E3567F-2B2F-44BC-A58F-03F208366FE2&lang=en
798 ms 		https://api.guildwars2.com/v1/guild_details.json?guild_id=D9814166-0624-E411-AF00-AC162DC028B5&lang=en
728 ms 		https://api.guildwars2.com/v1/guild_details.json?guild_id=BD46F57A-D569-4C36-A7F6-896C1AF61FB4&lang=en
650 ms 		https://api.guildwars2.com/v2/materials?lang=en
595 ms 		https://api.guildwars2.com/v2/materials?ids=5%2C6%2C29%2C30%2C37%2C38%2C46&lang=en
931 ms 		https://api.guildwars2.com/v2/items?ids=12134%2C12238%2C12147%2C12142%2C12135%2C12246%2C12255%2C12163%2C12165%2C12236%2C12240%2C12331%2C12258%2C12256%2C12232%2C12252%2C12249%2C12248%2C12141%2C12234%2C12138%2C12137%2C12159%2C12143%2C12152%2C24359%2C24360%2C12136%2C12158%2C12151%2C12153%2C12271%2C12324%2C12155%2C12157%2C12156%2C12253%2C12161%2C12327%2C12244%2C12243%2C12241%2C12162%2C12145%2C12251%2C12245%2C12247%2C12235%2C12237%2C12239%2C12250%2C12229%2C12332%2C12336%2C12341%2C12333%2C12334%2C12335%2C12342%2C12329%2C12330%2C12337%2C12340%2C12338%2C12328%2C12339%2C12325%2C12537%2C12532%2C12534%2C12531%2C12533%2C12536%2C12535%2C12538%2C12515%2C12350%2C12518%2C12351%2C12514%2C12516%2C12517%2C12512%2C12505%2C12511%2C12504%2C12508%2C12507%2C12254%2C12506%2C12510%2C12509%2C12144%2C12502%2C12503%2C12545%2C12544%2C12546%2C12128%2C12547&lang=en
1018 ms 		https://api.guildwars2.com/v2/items?ids=12543%2C36731%2C66524%2C66522%2C19704%2C19679%2C19697%2C19718%2C19720%2C19792%2C19719%2C19738%2C19723%2C19710%2C19699%2C19683%2C19680%2C19739%2C19740%2C19789%2C19728%2C19733%2C19726%2C19713%2C19750%2C19688%2C19703%2C19741%2C19742%2C19794%2C19730%2C19734%2C19727%2C19714%2C19702%2C19686%2C19687%2C19743%2C19744%2C19793%2C19731%2C19736%2C19724%2C19711%2C19924%2C19681%2C19698%2C19748%2C19747%2C19791%2C19729%2C19735%2C19722%2C19709%2C19700%2C19684%2C19682%2C19745%2C19746%2C19790%2C19732%2C19737%2C19725%2C19712%2C19701%2C19685%2C62942%2C24290%2C24342%2C24346%2C24272%2C24352%2C24284%2C24296%2C24278%2C24295%2C24358%2C24291%2C24343%2C24347%2C24273%2C24353%2C24285%2C24297%2C24279%2C24351%2C24277%2C24292%2C24344%2C24348%2C24274%2C24354%2C24286%2C24298%2C24280%2C24357%2C24289%2C24293%2C24345%2C24349&lang=en
1087 ms 		https://api.guildwars2.com/v2/items?ids=24275%2C24355%2C24287%2C24363%2C24281%2C24300%2C24283%2C24294%2C24341%2C24350%2C24276%2C24356%2C24288%2C24299%2C24282%2C37897%2C44941%2C24534%2C24464%2C24466%2C24500%2C24467%2C24465%2C24501%2C24469%2C24470%2C24468%2C24889%2C24471%2C24535%2C24527%2C24472%2C24507%2C24504%2C24526%2C24503%2C24506%2C24872%2C24870%2C24874%2C24871%2C24875%2C24873%2C24876%2C24519%2C24511%2C24509%2C24473%2C24521%2C24474%2C24475%2C24520%2C24512%2C24510%2C24515%2C24522%2C24508%2C24516%2C37907%2C42006%2C42010%2C43773%2C24326%2C24321%2C24336%2C24331%2C24301%2C24306%2C24311%2C24316%2C24366%2C38014%2C24327%2C24322%2C24337%2C24332%2C24302%2C24307%2C24312%2C24317%2C19717%2C38023%2C24328%2C24323%2C24338%2C24333%2C24303%2C24308%2C24313%2C24318%2C24370%2C38024%2C24329%2C24324%2C24339%2C24334%2C24304%2C24309%2C24314%2C24319&lang=en
1141 ms 		https://api.guildwars2.com/v2/items?ids=19721%2C19925%2C24330%2C24325%2C24340%2C24335%2C24305%2C24310%2C24315%2C24320%2C19976%2C43772%2C48884%2C49782%2C66637%2C66650%2C67832%2C36060%2C36061%2C36059%2C36041%2C38130%2C38131%2C38132%2C38133%2C38134%2C38135%2C43319%2C47909%2C48807%2C48805%2C48806%2C46731%2C46682%2C46733%2C46735%2C46742%2C46738%2C46745%2C46739%2C46744%2C46736%2C46730%2C46683%2C46732%2C46734%2C46681%2C46741%2C46740%2C46743%2C46747&lang=en
751 ms 		https://api.guildwars2.com/v2/commerce/prices?ids=12134%2C12238%2C12147%2C12142%2C12135%2C12246%2C12255%2C12163%2C12165%2C12236%2C12240%2C12331%2C12258%2C12256%2C12232%2C12252%2C12249%2C12248%2C12141%2C12234%2C12138%2C12137%2C12159%2C12143%2C12152%2C24359%2C24360%2C12136%2C12158%2C12151%2C12153%2C12271%2C12324%2C12155%2C12157%2C12156%2C12253%2C12161%2C12327%2C12244%2C12243%2C12241%2C12162%2C12145%2C12251%2C12245%2C12247%2C12235%2C12237%2C12239%2C12250%2C12229%2C12332%2C12336%2C12341%2C12333%2C12334%2C12335%2C12342%2C12329%2C12330%2C12337%2C12340%2C12338%2C12328%2C12339%2C12325%2C12537%2C12532%2C12534%2C12531%2C12533%2C12536%2C12535%2C12538%2C12515%2C12350%2C12518%2C12351%2C12514%2C12516%2C12517%2C12512%2C12505%2C12511%2C12504%2C12508%2C12507%2C12254%2C12506%2C12510%2C12509%2C12144%2C12502%2C12503%2C12545%2C12544%2C12546%2C12128%2C12547&lang=en
797 ms 		https://api.guildwars2.com/v2/commerce/prices?ids=12543%2C36731%2C66524%2C66522%2C19704%2C19679%2C19697%2C19718%2C19720%2C19792%2C19719%2C19738%2C19723%2C19710%2C19699%2C19683%2C19680%2C19739%2C19740%2C19789%2C19728%2C19733%2C19726%2C19713%2C19750%2C19688%2C19703%2C19741%2C19742%2C19794%2C19730%2C19734%2C19727%2C19714%2C19702%2C19686%2C19687%2C19743%2C19744%2C19793%2C19731%2C19736%2C19724%2C19711%2C19924%2C19681%2C19698%2C19748%2C19747%2C19791%2C19729%2C19735%2C19722%2C19709%2C19700%2C19684%2C19682%2C19745%2C19746%2C19790%2C19732%2C19737%2C19725%2C19712%2C19701%2C19685%2C62942%2C24290%2C24342%2C24346%2C24272%2C24352%2C24284%2C24296%2C24278%2C24295%2C24358%2C24291%2C24343%2C24347%2C24273%2C24353%2C24285%2C24297%2C24279%2C24351%2C24277%2C24292%2C24344%2C24348%2C24274%2C24354%2C24286%2C24298%2C24280%2C24357%2C24289%2C24293%2C24345%2C24349&lang=en
1015 ms 		https://api.guildwars2.com/v2/commerce/prices?ids=24275%2C24355%2C24287%2C24363%2C24281%2C24300%2C24283%2C24294%2C24341%2C24350%2C24276%2C24356%2C24288%2C24299%2C24282%2C37897%2C44941%2C24534%2C24464%2C24466%2C24500%2C24467%2C24465%2C24501%2C24469%2C24470%2C24468%2C24889%2C24471%2C24535%2C24527%2C24472%2C24507%2C24504%2C24526%2C24503%2C24506%2C24872%2C24870%2C24874%2C24871%2C24875%2C24873%2C24876%2C24519%2C24511%2C24509%2C24473%2C24521%2C24474%2C24475%2C24520%2C24512%2C24510%2C24515%2C24522%2C24508%2C24516%2C37907%2C42006%2C42010%2C43773%2C24326%2C24321%2C24336%2C24331%2C24301%2C24306%2C24311%2C24316%2C24366%2C38014%2C24327%2C24322%2C24337%2C24332%2C24302%2C24307%2C24312%2C24317%2C19717%2C38023%2C24328%2C24323%2C24338%2C24333%2C24303%2C24308%2C24313%2C24318%2C24370%2C38024%2C24329%2C24324%2C24339%2C24334%2C24304%2C24309%2C24314%2C24319&lang=en
814 ms 		https://api.guildwars2.com/v2/commerce/prices?ids=19721%2C19925%2C24330%2C24325%2C24340%2C24335%2C24305%2C24310%2C24315%2C24320%2C19976%2C43772%2C48884%2C49782%2C66637%2C66650%2C67832%2C36060%2C36061%2C36059%2C36041%2C38130%2C38131%2C38132%2C38133%2C38134%2C38135%2C43319%2C47909%2C48807%2C48805%2C48806%2C46731%2C46682%2C46733%2C46735%2C46742%2C46738%2C46745%2C46739%2C46744%2C46736%2C46730%2C46683%2C46732%2C46734%2C46681%2C46741%2C46740%2C46743%2C46747&lang=en
710 ms 		https://api.guildwars2.com/v2/account/materials?lang=en&access_token=83BC286C-6B47-6F48-AE74-1F47809D4EC4C3D97596-BD05-459E-A883-84F354FA35DF
645 ms 		https://api.guildwars2.com/v2/account/bank?lang=en&access_token=83BC286C-6B47-6F48-AE74-1F47809D4EC4C3D97596-BD05-459E-A883-84F354FA35DF
1434 ms 		https://api.guildwars2.com/v2/items?ids=1656%2C10425%2C1066%2C1374%2C1887%2C114%2C27534%2C24587%2C24573%2C13273%2C13275%2C5032%2C24831%2C10262%2C24801%2C10274%2C10280%2C24754%2C10268%2C14949%2C14204%2C13717%2C%2C45003%2C9251%2C38050%2C19992%2C20018%2C20017%2C19984%2C19996%2C19983%2C20000%2C67836%2C45045%2C43485%2C8469%2C43766%2C43765%2C20316%2C42976%2C67280%2C35991%2C35987%2C43998%2C67830%2C46690%2C46684%2C46687%2C68109%2C43925%2C24618%2C24562%2C24691%2C19986%2C9440%2C12420%2C12429%2C68634%2C24854%2C24842%2C24851%2C24857%2C24845%2C24848%2C24785%2C47008%2C47042%2C24533%2C47016%2C46833%2C50025%2C50069%2C50030%2C66224%2C44640%2C39752%2C41824%2C46746%2C49523%2C36606%2C36604%2C36620%2C45597%2C49509%2C49210%2C67180%2C43353%2C43901%2C49850%2C44638%2C44637%2C43076%2C43993%2C19677%2C19668%2C19675%2C19676%2C68620%2C64271&lang=en
1171 ms 		https://api.guildwars2.com/v2/items?ids=47873%2C24685%2C49424%2C67161%2C67163%2C67159%2C67160%2C67162%2C67135%2C39475%2C24924%2C46467%2C24923%2C20030%2C67138%2C67136%2C67140%2C67137%2C39587%2C37899%2C43866%2C39233%2C39230%2C67306%2C67295%2C39238%2C39551%2C67895%2C39307%2C39332%2C39243%2C37138%2C39232%2C67307%2C39563%2C67897%2C39304%2C49401%2C49406%2C39609%2C37087%2C37089%2C37091%2C67908%2C39602%2C49428%2C49417%2C49422%2C37074%2C37080%2C37077%2C49409%2C67909%2C39600%2C49407%2C49395%2C67902%2C39612%2C37092%2C49399%2C37076%2C37082%2C37078%2C49423%2C39601%2C37085%2C39596%2C49415%2C39597%2C49430%2C49408%2C49414%2C49403%2C37075%2C39608%2C67784%2C68058%2C68520%2C39711%2C66768%2C68046%2C49147%2C49145%2C49146%2C67783%2C68512%2C68065%2C35749%2C35747%2C35748%2C35750%2C36187%2C36200%2C36189%2C36179%2C36190%2C36183%2C36180%2C36186%2C36184&lang=en
951 ms 		https://api.guildwars2.com/v2/items?ids=36191%2C36176%2C36188%2C36185%2C36106%2C68368%2C38121%2C38115%2C38117%2C38120%2C38118%2C38119%2C38116%2C42403%2C44720%2C49133%2C50046%2C50042%2C50047%2C50043%2C50040%2C66214%2C20318%2C20315&lang=en
588 ms 		https://api.guildwars2.com/v2/skins?ids=818%2C808%2C807%2C812%2C797%2C801%2C3852%2C3853%2C3845%2C4266%2C4666&lang=en
971 ms 		https://api.guildwars2.com/v2/commerce/prices?ids=1656%2C10425%2C1066%2C1374%2C1887%2C114%2C27534%2C13273%2C13275%2C5032%2C10262%2C10274%2C10280%2C10268%2C14949%2C14204%2C13717%2C45003%2C9251%2C38050%2C19992%2C20018%2C20017%2C19984%2C19996%2C19983%2C20000%2C67836%2C45045%2C43485%2C8469%2C43766%2C43765%2C20316%2C42976%2C67280%2C35991%2C35987%2C43998%2C67830%2C46690%2C46684%2C46687%2C68109%2C43925%2C24618%2C24562%2C24691%2C19986%2C9440%2C12420%2C12429%2C68634%2C24854%2C24842%2C24851%2C24857%2C24845%2C24848%2C24785%2C47008%2C47042%2C47016%2C46833%2C50025%2C50069%2C50030%2C66224%2C44640%2C39752%2C41824%2C46746%2C49523%2C36606%2C36604%2C36620%2C45597%2C49509%2C49210%2C67180%2C43353%2C43901%2C49850%2C44638%2C44637%2C43076%2C43993%2C19677%2C19668%2C19675%2C19676%2C68620%2C64271%2C47873%2C49424%2C67161%2C67163%2C67159%2C67160%2C67162&lang=en
878 ms 		https://api.guildwars2.com/v2/commerce/prices?ids=67135%2C39475%2C46467%2C20030%2C67138%2C67136%2C67140%2C67137%2C39587%2C37899%2C39233%2C39230%2C67306%2C67295%2C39238%2C39551%2C67895%2C39307%2C39243%2C39232%2C67307%2C39563%2C67897%2C39304%2C49401%2C49406%2C39609%2C37087%2C37089%2C37091%2C67908%2C39602%2C49417%2C49422%2C37074%2C37080%2C37077%2C49409%2C67909%2C39600%2C49407%2C49395%2C67902%2C39612%2C37092%2C49399%2C37076%2C37082%2C37078%2C49423%2C39601%2C37085%2C39596%2C49415%2C39597%2C49408%2C49414%2C49403%2C37075%2C39608%2C67784%2C68058%2C68520%2C39711%2C66768%2C68046%2C49147%2C49145%2C49146%2C67783%2C68512%2C68065%2C35749%2C35747%2C35748%2C35750%2C36187%2C36200%2C36189%2C36179%2C36190%2C36183%2C36180%2C36186%2C36184%2C36191%2C36176%2C36188%2C36185%2C36106%2C68368%2C38121%2C38115%2C38117%2C38120%2C38118%2C38119%2C38116%2C42403%2C44720&lang=en
884 ms 		https://api.guildwars2.com/v2/commerce/prices?ids=49133%2C50046%2C50042%2C50047%2C50043%2C50040%2C66214%2C20318%2C20315&lang=en
